<?xml version="1.0" encoding="UTF-8"?>
<!-- Generated by org.testng.reporters.JUnitReportReporter -->
<testsuite hostname="DESKTOP-H12QAKV" failures="0" tests="16" name="demoTesting.TestingApplication" time="0.098" errors="0" timestamp="2026-03-11T20:47:41 IST" skipped="0">
  <testcase classname="demoTesting.TestingApplication" name="FirstName" time="0.003"/>
  <testcase classname="demoTesting.TestingApplication" name="FromDate" time="0.004"/>
  <testcase classname="demoTesting.TestingApplication" name="Monday" time="0.004"/>
  <testcase classname="demoTesting.TestingApplication" name="uploadfile1" time="0.004"/>
  <testcase classname="demoTesting.TestingApplication" name="Phone" time="0.004"/>
  <testcase classname="demoTesting.TestingApplication" name="submit" time="0.003"/>
  <testcase classname="demoTesting.TestingApplication" name="Maleradiobutton" time="0.005"/>
  <testcase classname="demoTesting.TestingApplication" name="DatePicker1" time="0.004"/>
  <testcase classname="demoTesting.TestingApplication" name="Femaleradiobutton" time="0.004"/>
  <testcase classname="demoTesting.TestingApplication" name="ToDate" time="0.004"/>
  <testcase classname="demoTesting.TestingApplication" name="selectedOptions" time="0.002"/>
  <testcase classname="demoTesting.TestingApplication" name="Address" time="0.045"/>
  <testcase classname="demoTesting.TestingApplication" name="DatePicker2" time="0.003"/>
  <testcase classname="demoTesting.TestingApplication" name="dropdown" time="0.003"/>
  <testcase classname="demoTesting.TestingApplication" name="uploadfile2" time="0.003"/>
  <testcase classname="demoTesting.TestingApplication" name="title" time="0.003"/>
</testsuite> <!-- demoTesting.TestingApplication -->
